<?xml version="1.0" encoding="UTF-8"?>
<!-- Generated by org.testng.reporters.JUnitXMLReporter -->
<testsuite ignored="3" hostname="majd-sunfower1" failures="0" tests="1" name="Default test" time="13.409" errors="0" timestamp="2024-10-20T22:32:56 EET">
  <testcase classname="MyTestcases" name="AddItemToTheCart" time="11.061"/>
  <testcase classname="MyTestcases" name="LJogin" time="0.0">
    <ignored/>
  </testcase> <!-- LJogin -->
  <testcase classname="MyTestcases" name="login" time="0.0">
    <ignored/>
  </testcase> <!-- login -->
  <testcase classname="MyTestcases" name="creatanaccount" time="0.0">
    <ignored/>
  </testcase> <!-- creatanaccount -->
</testsuite> <!-- Default test -->
