<?xml version="1.0" encoding="UTF-8"?>
<testng-results ignored="3" total="4" passed="1" failed="0" skipped="0">
  <reporter-output>
  </reporter-output>
  <suite started-at="2024-10-20T22:32:42 EET" name="Default suite" finished-at="2024-10-20T22:32:56 EET" duration-ms="13409">
    <groups>
    </groups>
    <test started-at="2024-10-20T22:32:42 EET" name="Default test" finished-at="2024-10-20T22:32:56 EET" duration-ms="13409">
      <class name="MyTestcases">
        <test-method is-config="true" signature="mySetup()[pri:0, instance:MyTestcases@4a194c39]" started-at="2024-10-20T22:32:42 EET" name="mySetup" finished-at="2024-10-20T22:32:45 EET" duration-ms="2319" status="PASS">
          <reporter-output>
          </reporter-output>
        </test-method> <!-- mySetup -->
        <test-method signature="AddItemToTheCart()[pri:4, instance:MyTestcases@4a194c39]" started-at="2024-10-20T22:32:45 EET" name="AddItemToTheCart" finished-at="2024-10-20T22:32:56 EET" duration-ms="11061" status="PASS">
          <reporter-output>
          </reporter-output>
        </test-method> <!-- AddItemToTheCart -->
      </class> <!-- MyTestcases -->
    </test> <!-- Default test -->
  </suite> <!-- Default suite -->
</testng-results>
